<?xml version="1.0" encoding="UTF-8"?>
<!-- Generated by org.testng.reporters.JUnitReportReporter -->
<testsuite hostname="NB32057" name="TestNG.TestCases" tests="1" failures="0" timestamp="20 Jan 2016 16:17:41 GMT" time="118.209" errors="0">
  <testcase name="Test1" time="118.209" classname="TestNG.TestCases"/>
</testsuite> <!-- TestNG.TestCases -->
